Arguments: 
  C:\Program Files\nodejs\node.exe C:\Program Files\nodejs\node_modules\yarn\bin\yarn.js init

PATH: 
  C:\Users\shahr\bin;C:\Program Files\Git\mingw64\bin;C:\Program Files\Git\usr\local\bin;C:\Program Files\Git\usr\bin;C:\Program Files\Git\usr\bin;C:\Program Files\Git\mingw64\bin;C:\Program Files\Git\usr\bin;C:\Users\shahr\bin;C:\Python39\Scripts;C:\Python39;C:\WINDOWS\system32;C:\WINDOWS;C:\WINDOWS\System32\Wbem;C:\WINDOWS\System32\WindowsPowerShell\v1.0;C:\WINDOWS\System32\OpenSSH;C:\Program Files\NVIDIA Corporation\NVIDIA NvDLISR;C:\Program Files (x86)\NVIDIA Corporation\PhysX\Common;C:\ProgramData\chocolatey\bin;C:\WINDOWS\system32;C:\WINDOWS;C:\WINDOWS\System32\Wbem;C:\WINDOWS\System32\WindowsPowerShell\v1.0;C:\WINDOWS\System32\OpenSSH;C:\Program Files\Git\cmd;H:\laragon\bin\php\php-7.4.21-Win32-vc15-x64;C:\ProgramData\ComposerSetup\bin;H:\bin;C:\Users\shahr\AppData\Roaming\nvm;C:\Program Files\nodejs;C:\Program Files\nodejs;C:\Program Files\Microsoft SQL Server\Client SDK\ODBC\170\Tools\Binn;C:\Program Files (x86)\Microsoft SQL Server\150\Tools\Binn;C:\Program Files\Microsoft SQL Server\150\Tools\Binn;C:\Program Files\Microsoft SQL Server\150\DTS\Binn;C:\Program Files\Azure Data Studio\bin;C:\Program Files (x86)\Microsoft SQL Server\150\DTS\Binn;C:\Program Files\dotnet;C:\Program Files\MySQL\MySQL Shell 8.0\bin;C:\Users\shahr\AppData\Local\Yarn\config\global\node_modules\.bin;C:\Users\shahr\AppData\Roaming\Composer\vendor\bin;H:\laragon\bin;H:\laragon\bin\apache\httpd-2.4.47-win64-VS16\bin;H:\laragon\bin\composer;H:\laragon\bin\git\bin;H:\laragon\bin\git\cmd;H:\laragon\bin\git\mingw64\bin;H:\laragon\bin\git\usr\bin;H:\laragon\bin\laragon\utils;H:\laragon\bin\mysql\mysql-5.7.33-winx64\bin;H:\laragon\bin\nginx\nginx-1.19.10;H:\laragon\bin\ngrok;H:\laragon\bin\notepad++;H:\laragon\bin\php\php-8.1.5-Win32-vs16-x64;H:\laragon\bin\redis\redis-x64-3.2.100;H:\laragon\bin\telnet;H:\laragon\usr\bin;C:\Users\shahr\AppData\Local\Microsoft\WindowsApps;F:\Microsoft VS Code\bin;C:\Users\shahr\AppData\Local\hyper\app-3.0.2\resources\bin;C:\Program Files\MongoDB\Server\4.4\bin;C:\Users\shahr\AppData\Roaming\nvm;C:\Program Files\nodejs;C:\Users\shahr\AppData\Roaming\npm;C:\Program Files\Azure Data Studio\bin;C:\Program Files\Git\usr\bin\vendor_perl;C:\Program Files\Git\usr\bin\core_perl

Yarn version: 
  1.22.19

Node version: 
  16.15.0

Platform: 
  win32 x64

Trace: 
  Error: Can't answer a question unless a user TTY
      at ConsoleReporter.question (C:\Program Files\nodejs\node_modules\yarn\lib\cli.js:92864:59)
      at Object.<anonymous> (C:\Program Files\nodejs\node_modules\yarn\lib\cli.js:85054:38)
      at Generator.next (<anonymous>)
      at step (C:\Program Files\nodejs\node_modules\yarn\lib\cli.js:310:30)
      at C:\Program Files\nodejs\node_modules\yarn\lib\cli.js:321:13

npm manifest: 
  No manifest

yarn manifest: 
  No manifest

Lockfile: 
  No lockfile
